<?xml version="1.0" encoding="utf-8" standalone="no"?>
<!--This file represents the results of running a test suite-->
<test-results name="D:\Huynh_Quoc_Thao\Projects\Freelancer\Transportation\Transportation.IntegrationTests\bin\Debug\Transportation.IntegrationTests.dll" total="1" errors="0" failures="0" not-run="0" inconclusive="0" ignored="0" skipped="0" invalid="0" date="2017-02-13" time="14:22:13">
  <environment nunit-version="2.5.10.11092" clr-version="4.0.30319.42000" os-version="Microsoft Windows NT 6.2.9200.0" platform="Win32NT" cwd="D:\Program Files (x86)\Microsoft Visual Studio 14.0\Common7\IDE" machine-name="VNSAI0140" user="hqt" user-domain="EPINION" />
  <culture-info current-culture="en-US" current-uiculture="en-US" />
  <test-suite type="Assembly" name="D:\Huynh_Quoc_Thao\Projects\Freelancer\Transportation\Transportation.IntegrationTests\bin\Debug\Transportation.IntegrationTests.dll" executed="True" result="Success" success="True" time="15.082" asserts="0">
    <results>
      <test-suite type="Namespace" name="Transportation" executed="True" result="Success" success="True" time="15.078" asserts="0">
        <results>
          <test-suite type="Namespace" name="IntegrationTests" executed="True" result="Success" success="True" time="15.078" asserts="0">
            <results>
              <test-suite type="Namespace" name="EntityFramework" executed="True" result="Success" success="True" time="15.078" asserts="0">
                <results>
                  <test-suite type="TestFixture" name="ClarityDBFixture" executed="True" result="Success" success="True" time="15.077" asserts="0">
                    <results>
                      <test-case name="Transportation.IntegrationTests.EntityFramework.ClarityDBFixture.Add_User" executed="True" result="Success" success="True" time="14.453" asserts="0" />
                    </results>
                  </test-suite>
                </results>
              </test-suite>
            </results>
          </test-suite>
        </results>
      </test-suite>
    </results>
  </test-suite>
</test-results>